2024-12-24 08:15:04,833 - root - WARNING - =======================================
2024-12-24 08:15:04,834 - root - WARNING - Script start accumulating data from JIRA
2024-12-24 08:22:05,764 - root - ERROR - No records found ("DNA", "DI", "DTIB", "DP", "DTD" - Sub-task)....
2024-12-24 08:23:09,824 - root - ERROR - No records found ("FLAPI", "FLXFR", "FLXME", "FLXP", "FED" - Sub-task)....
2024-12-24 08:32:15,070 - root - ERROR - No records found ("RTVREG", "SCHED", "SND", "SNB" - Bug)....
2024-12-24 08:33:40,820 - root - ERROR - No records found ("TEST", "CCEP", "CHAT", "COMPRODUCT", "AEMSC" - Incident)....
2024-12-24 08:33:41,435 - root - ERROR - No records found ("AWFM", "AII2", "AT", "AU", "BAE" - Incident)....
2024-12-24 08:33:44,152 - root - ERROR - No records found ("CROHR", "CROPS", "COBUSS", "CEA", "CCL" - Incident)....
2024-12-24 08:33:44,484 - root - ERROR - No records found ("CEO", "CSZI", "CXCD", "INTEL", "CLAIMS" - Incident)....
2024-12-24 08:33:45,639 - root - ERROR - No records found ("DNA", "DI", "DTIB", "DP", "DTD" - Incident)....
2024-12-24 08:33:46,673 - root - ERROR - No records found ("DCTEU", "DCTINT", "DCTOM", "DWP", "DAAS" - Incident)....
2024-12-24 08:33:47,300 - root - ERROR - No records found ("DPE", "DD", "DPT", "DWE", "DR" - Incident)....
2024-12-24 08:33:48,281 - root - ERROR - No records found ("DOM", "DOMSIT", "DOMUAT", "SII", "EADEVOPS" - Incident)....
2024-12-24 08:33:48,560 - root - ERROR - No records found ("EAFIN", "ESB", "EWFM", "EUS", "EVM" - Incident)....
2024-12-24 08:33:48,849 - root - ERROR - No records found ("EA", "ENT", "EUCF", "LOGISTICS", "EXV" - Incident)....
2024-12-24 08:33:49,596 - root - ERROR - No records found ("FLAPI", "FLXFR", "FLXME", "FLXP", "FED" - Incident)....
2024-12-24 08:33:49,897 - root - ERROR - No records found ("GCPM", "AUTOPS", "DATAOPS", "INTOPS", "GOBEIP" - Incident)....
2024-12-24 08:33:50,717 - root - ERROR - No records found ("RESO", "MARTECH", "HAPS", "MA", "MEMBR" - Incident)....
2024-12-24 08:33:51,018 - root - ERROR - No records found ("QAS", "MERCH", "M365G", "MAD", "MAVEN" - Incident)....
2024-12-24 08:33:51,346 - root - ERROR - No records found ("NS", "OEPORT", "FLXO", "PAYAC" - Incident)....
2024-12-24 08:33:52,049 - root - ERROR - No records found ("PE", "PPCL", "PWG", "PPUR" - Incident)....
2024-12-24 08:33:52,410 - root - ERROR - No records found ("PTAG", "PAI", "PAE", "PNC" - Incident)....
2024-12-24 08:33:52,772 - root - ERROR - No records found ("PDI", "CIAM", "LKSIDE", "ROI" - Incident)....
2024-12-24 08:33:54,413 - root - ERROR - No records found ("SO", "SAM", "SOLEFIN", "SOLMERCH" - Incident)....
2024-12-24 08:33:55,293 - root - ERROR - No records found ("SPIM", "TECH", "TPCR", "TPDI" - Incident)....
2024-12-24 08:33:55,609 - root - ERROR - No records found ("WHSYS", "UXD", "VDI", "VMO" - Incident)....
2024-12-24 08:33:56,275 - root - ERROR - No records found ("TEST", "CCEP", "CHAT", "COMPRODUCT", "AEMSC" - Production Defects)....
2024-12-24 08:33:56,618 - root - ERROR - No records found ("AWFM", "AII2", "AT", "AU", "BAE" - Production Defects)....
2024-12-24 08:33:57,085 - root - ERROR - No records found ("BOT", "BRWSE", "CHSC", "CNC", "CE" - Production Defects)....
2024-12-24 08:33:59,870 - root - ERROR - No records found ("CROHR", "CROPS", "COBUSS", "CEA", "CCL" - Production Defects)....
2024-12-24 08:34:00,203 - root - ERROR - No records found ("CEO", "CSZI", "CXCD", "INTEL", "CLAIMS" - Production Defects)....
2024-12-24 08:34:00,542 - root - ERROR - No records found ("DNA", "DI", "DTIB", "DP", "DTD" - Production Defects)....
2024-12-24 08:34:01,876 - root - ERROR - No records found ("DPE", "DD", "DPT", "DWE", "DR" - Production Defects)....
2024-12-24 08:34:02,216 - root - ERROR - No records found ("DOM", "DOMSIT", "DOMUAT", "SII", "EADEVOPS" - Production Defects)....
2024-12-24 08:34:02,537 - root - ERROR - No records found ("EAFIN", "ESB", "EWFM", "EUS", "EVM" - Production Defects)....
2024-12-24 08:34:02,808 - root - ERROR - No records found ("EA", "ENT", "EUCF", "LOGISTICS", "EXV" - Production Defects)....
2024-12-24 08:34:03,116 - root - ERROR - No records found ("FEQA", "FIN", "FLDBA", "FLINV", "FLAIR" - Production Defects)....
2024-12-24 08:34:03,393 - root - ERROR - No records found ("FLAPI", "FLXFR", "FLXME", "FLXP", "FED" - Production Defects)....
2024-12-24 08:34:03,682 - root - ERROR - No records found ("GCPM", "AUTOPS", "DATAOPS", "INTOPS", "GOBEIP" - Production Defects)....
2024-12-24 08:34:03,969 - root - ERROR - No records found ("ICOE", "IL", "INV", "IPCM", "AUTO" - Production Defects)....
2024-12-24 08:34:04,281 - root - ERROR - No records found ("RESO", "MARTECH", "HAPS", "MA", "MEMBR" - Production Defects)....
2024-12-24 08:34:04,582 - root - ERROR - No records found ("QAS", "MERCH", "M365G", "MAD", "MAVEN" - Production Defects)....
2024-12-24 08:34:04,875 - root - ERROR - No records found ("NS", "OEPORT", "FLXO", "PAYAC" - Production Defects)....
2024-12-24 08:34:08,834 - root - ERROR - No records found ("PTAG", "PAI", "PAE", "PNC" - Production Defects)....
2024-12-24 08:34:09,159 - root - ERROR - No records found ("PDI", "CIAM", "LKSIDE", "ROI" - Production Defects)....
2024-12-24 08:34:09,509 - root - ERROR - No records found ("RTVREG", "SCHED", "SND", "SNB" - Production Defects)....
2024-12-24 08:34:09,841 - root - ERROR - No records found ("ITSEC", "SECSE", "SERNOW", "SHP" - Production Defects)....
2024-12-24 08:34:10,190 - root - ERROR - No records found ("SO", "SAM", "SOLEFIN", "SOLMERCH" - Production Defects)....
2024-12-24 08:34:10,511 - root - ERROR - No records found ("SSP", "SSE", "PRODSUPP", "SCM" - Production Defects)....
2024-12-24 08:34:10,881 - root - ERROR - No records found ("SPIM", "TECH", "TPCR", "TPDI" - Production Defects)....
2024-12-24 08:34:11,179 - root - ERROR - No records found ("WHSYS", "UXD", "VDI", "VMO" - Production Defects)....
2024-12-24 08:34:11,500 - root - ERROR - No records found ("WCDI", "WFM", "XSTR", "ZGA" - Production Defects)....
2024-12-24 08:34:12,830 - root - ERROR - No records found ("BOT", "BRWSE", "CHSC", "CNC", "CE" - Defect)....
2024-12-24 08:34:15,201 - root - ERROR - No records found ("CROHR", "CROPS", "COBUSS", "CEA", "CCL" - Defect)....
2024-12-24 08:34:15,534 - root - ERROR - No records found ("CEO", "CSZI", "CXCD", "INTEL", "CLAIMS" - Defect)....
2024-12-24 08:34:15,915 - root - ERROR - No records found ("DNA", "DI", "DTIB", "DP", "DTD" - Defect)....
2024-12-24 08:34:17,991 - root - ERROR - No records found ("DPE", "DD", "DPT", "DWE", "DR" - Defect)....
2024-12-24 08:34:18,309 - root - ERROR - No records found ("DOM", "DOMSIT", "DOMUAT", "SII", "EADEVOPS" - Defect)....
2024-12-24 08:34:18,680 - root - ERROR - No records found ("EAFIN", "ESB", "EWFM", "EUS", "EVM" - Defect)....
2024-12-24 08:34:32,816 - root - ERROR - No records found ("GCPM", "AUTOPS", "DATAOPS", "INTOPS", "GOBEIP" - Defect)....
2024-12-24 08:34:33,186 - root - ERROR - No records found ("ICOE", "IL", "INV", "IPCM", "AUTO" - Defect)....
2024-12-24 08:34:44,435 - root - ERROR - No records found ("NS", "OEPORT", "FLXO", "PAYAC" - Defect)....
2024-12-24 08:34:45,785 - root - ERROR - No records found ("PE", "PPCL", "PWG", "PPUR" - Defect)....
2024-12-24 08:34:46,124 - root - ERROR - No records found ("PTAG", "PAI", "PAE", "PNC" - Defect)....
2024-12-24 08:34:46,571 - root - ERROR - No records found ("PDI", "CIAM", "LKSIDE", "ROI" - Defect)....
2024-12-24 08:34:47,344 - root - ERROR - No records found ("RTVREG", "SCHED", "SND", "SNB" - Defect)....
2024-12-24 08:34:47,800 - root - ERROR - No records found ("ITSEC", "SECSE", "SERNOW", "SHP" - Defect)....
2024-12-24 08:34:48,143 - root - ERROR - No records found ("SO", "SAM", "SOLEFIN", "SOLMERCH" - Defect)....
2024-12-24 08:34:48,442 - root - ERROR - No records found ("SSP", "SSE", "PRODSUPP", "SCM" - Defect)....
2024-12-24 08:34:48,744 - root - ERROR - No records found ("SPIM", "TECH", "TPCR", "TPDI" - Defect)....
2024-12-24 08:34:49,095 - root - ERROR - No records found ("WHSYS", "UXD", "VDI", "VMO" - Defect)....
2024-12-24 08:34:49,757 - root - ERROR - No records found ("WCDI", "WFM", "XSTR", "ZGA" - Defect)....
2024-12-24 08:34:50,289 - root - ERROR - No records found ("TEST", "CCEP", "CHAT", "COMPRODUCT", "AEMSC" - Issue)....
2024-12-24 08:34:51,267 - root - ERROR - No records found ("AWFM", "AII2", "AT", "AU", "BAE" - Issue)....
2024-12-24 08:34:54,952 - root - ERROR - No records found ("CROHR", "CROPS", "COBUSS", "CEA", "CCL" - Issue)....
2024-12-24 08:34:55,958 - root - ERROR - No records found ("CEO", "CSZI", "CXCD", "INTEL", "CLAIMS" - Issue)....
2024-12-24 08:34:56,334 - root - ERROR - No records found ("DNA", "DI", "DTIB", "DP", "DTD" - Issue)....
2024-12-24 08:34:56,925 - root - ERROR - No records found ("DCTEU", "DCTINT", "DCTOM", "DWP", "DAAS" - Issue)....
2024-12-24 08:34:57,560 - root - ERROR - No records found ("DPE", "DD", "DPT", "DWE", "DR" - Issue)....
2024-12-24 08:34:57,992 - root - ERROR - No records found ("DOM", "DOMSIT", "DOMUAT", "SII", "EADEVOPS" - Issue)....
2024-12-24 08:34:58,295 - root - ERROR - No records found ("EAFIN", "ESB", "EWFM", "EUS", "EVM" - Issue)....
2024-12-24 08:34:58,614 - root - ERROR - No records found ("EA", "ENT", "EUCF", "LOGISTICS", "EXV" - Issue)....
2024-12-24 08:34:58,963 - root - ERROR - No records found ("FEQA", "FIN", "FLDBA", "FLINV", "FLAIR" - Issue)....
2024-12-24 08:34:59,275 - root - ERROR - No records found ("FLAPI", "FLXFR", "FLXME", "FLXP", "FED" - Issue)....
2024-12-24 08:34:59,580 - root - ERROR - No records found ("GCPM", "AUTOPS", "DATAOPS", "INTOPS", "GOBEIP" - Issue)....
2024-12-24 08:34:59,889 - root - ERROR - No records found ("ICOE", "IL", "INV", "IPCM", "AUTO" - Issue)....
2024-12-24 08:35:00,184 - root - ERROR - No records found ("RESO", "MARTECH", "HAPS", "MA", "MEMBR" - Issue)....
2024-12-24 08:35:00,534 - root - ERROR - No records found ("QAS", "MERCH", "M365G", "MAD", "MAVEN" - Issue)....
2024-12-24 08:35:00,831 - root - ERROR - No records found ("NS", "OEPORT", "FLXO", "PAYAC" - Issue)....
2024-12-24 08:35:01,138 - root - ERROR - No records found ("PTF", "PT", "PIM", "PCR" - Issue)....
2024-12-24 08:35:01,450 - root - ERROR - No records found ("PE", "PPCL", "PWG", "PPUR" - Issue)....
2024-12-24 08:35:01,741 - root - ERROR - No records found ("PTAG", "PAI", "PAE", "PNC" - Issue)....
2024-12-24 08:35:02,046 - root - ERROR - No records found ("PDI", "CIAM", "LKSIDE", "ROI" - Issue)....
2024-12-24 08:35:02,330 - root - ERROR - No records found ("RTVREG", "SCHED", "SND", "SNB" - Issue)....
2024-12-24 08:35:02,613 - root - ERROR - No records found ("ITSEC", "SECSE", "SERNOW", "SHP" - Issue)....
2024-12-24 08:35:02,999 - root - ERROR - No records found ("SO", "SAM", "SOLEFIN", "SOLMERCH" - Issue)....
2024-12-24 08:35:04,698 - root - ERROR - No records found ("SPIM", "TECH", "TPCR", "TPDI" - Issue)....
2024-12-24 08:35:04,985 - root - ERROR - No records found ("WHSYS", "UXD", "VDI", "VMO" - Issue)....
2024-12-24 08:36:09,556 - root - ERROR - No records found ("CROHR", "CROPS", "COBUSS", "CEA", "CCL" - Test)....
2024-12-24 08:36:10,282 - root - ERROR - No records found ("CEO", "CSZI", "CXCD", "INTEL", "CLAIMS" - Test)....
2024-12-24 08:36:10,706 - root - ERROR - No records found ("DNA", "DI", "DTIB", "DP", "DTD" - Test)....
2024-12-24 08:39:41,667 - root - ERROR - No records found ("GCPM", "AUTOPS", "DATAOPS", "INTOPS", "GOBEIP" - Test)....
2024-12-24 08:40:54,997 - root - ERROR - No records found ("PTF", "PT", "PIM", "PCR" - Test)....
2024-12-24 08:44:50,342 - root - ERROR - No records found ("WHSYS", "UXD", "VDI", "VMO" - Test)....
2024-12-24 09:02:28,072 - root - ERROR - HTTP 502 - Bad Gateway
2024-12-24 09:03:28,885 - root - ERROR - HTTP 502 - Bad Gateway
2024-12-24 09:04:28,922 - root - ERROR - HTTP 502 - Bad Gateway
2024-12-24 09:04:28,926 - root - ERROR - Dataset was empty ("FLAPI", "FLXFR", "FLXME", "FLXP", "FED" - Story)....
2024-12-24 09:10:32,023 - root - ERROR - HTTP 502 - Bad Gateway
2024-12-24 09:11:35,985 - root - ERROR - HTTP 502 - Bad Gateway
2024-12-24 09:12:36,102 - root - ERROR - HTTP 502 - Bad Gateway
2024-12-24 09:12:36,106 - root - ERROR - Dataset was empty ("QAS", "MERCH", "M365G", "MAD", "MAVEN" - Story)....
