2024-11-19 16:10:29,857 - root - INFO - =======================================
2024-11-19 16:10:29,857 - root - INFO - Script start accumulating data from JIRA
2024-11-19 16:12:33,430 - root - INFO - =======================================
2024-11-19 16:12:33,430 - root - INFO - =======================================
2024-11-19 16:12:33,431 - root - INFO - Script start accumulating data from JIRA
2024-11-19 16:12:33,431 - root - INFO - Script start accumulating data from JIRA
2024-11-19 16:17:29,246 - root - ERROR - SOLEFIN story was added to the data set
2024-11-19 16:17:29,246 - root - ERROR - SOLEFIN story was added to the data set
2024-11-19 16:25:41,617 - root - INFO - =======================================
2024-11-19 16:25:41,617 - root - INFO - =======================================
2024-11-19 16:25:41,617 - root - INFO - =======================================
2024-11-19 16:25:41,618 - root - INFO - Script start accumulating data from JIRA
2024-11-19 16:25:41,618 - root - INFO - Script start accumulating data from JIRA
2024-11-19 16:25:41,618 - root - INFO - Script start accumulating data from JIRA
2024-11-19 16:30:33,239 - root - ERROR - SOLEFIN story was added to the data set
2024-11-19 16:30:33,239 - root - ERROR - SOLEFIN story was added to the data set
2024-11-19 16:30:33,239 - root - ERROR - SOLEFIN story was added to the data set
2024-11-19 16:46:11,846 - root - INFO - =======================================
2024-11-19 16:46:11,847 - root - INFO - Script start accumulating data from JIRA
2024-11-19 16:54:10,940 - root - INFO - Files uploaded
2024-11-19 16:54:10,941 - root - INFO - Script ended accumulating data from JIRA
2024-11-19 16:54:10,941 - root - INFO - =======================================
2024-11-19 16:57:12,520 - root - INFO - =======================================
2024-11-19 16:57:12,520 - root - INFO - =======================================
2024-11-19 16:57:12,520 - root - INFO - Script start accumulating data from JIRA
2024-11-19 16:57:12,520 - root - INFO - Script start accumulating data from JIRA
2024-11-19 16:58:44,639 - root - INFO - Files uploaded
2024-11-19 16:58:44,639 - root - INFO - Files uploaded
2024-11-19 16:58:44,640 - root - INFO - Script ended accumulating data from JIRA
2024-11-19 16:58:44,640 - root - INFO - Script ended accumulating data from JIRA
2024-11-19 16:58:44,640 - root - INFO - =======================================
2024-11-19 16:58:44,640 - root - INFO - =======================================
2024-11-19 17:28:33,349 - root - INFO - =======================================
2024-11-19 17:28:33,349 - root - INFO - =======================================
2024-11-19 17:28:33,349 - root - INFO - =======================================
2024-11-19 17:28:33,350 - root - INFO - Script start accumulating data from JIRA
2024-11-19 17:28:33,350 - root - INFO - Script start accumulating data from JIRA
2024-11-19 17:28:33,350 - root - INFO - Script start accumulating data from JIRA
2024-11-19 17:30:08,963 - root - INFO - Files uploaded
2024-11-19 17:30:08,963 - root - INFO - Files uploaded
2024-11-19 17:30:08,963 - root - INFO - Files uploaded
2024-11-19 17:30:08,963 - root - INFO - Script ended accumulating data from JIRA
2024-11-19 17:30:08,963 - root - INFO - Script ended accumulating data from JIRA
2024-11-19 17:30:08,963 - root - INFO - Script ended accumulating data from JIRA
2024-11-19 17:30:08,963 - root - INFO - =======================================
2024-11-19 17:30:08,963 - root - INFO - =======================================
2024-11-19 17:30:08,963 - root - INFO - =======================================
2024-11-19 17:40:53,290 - root - INFO - =======================================
2024-11-19 17:40:53,290 - root - INFO - =======================================
2024-11-19 17:40:53,290 - root - INFO - =======================================
2024-11-19 17:40:53,292 - root - INFO - Script start accumulating data from JIRA
2024-11-19 17:40:53,292 - root - INFO - Script start accumulating data from JIRA
2024-11-19 17:40:53,292 - root - INFO - Script start accumulating data from JIRA
2024-11-19 17:42:32,985 - root - INFO - Files uploaded
2024-11-19 17:42:32,985 - root - INFO - Files uploaded
2024-11-19 17:42:32,985 - root - INFO - Files uploaded
2024-11-19 17:42:32,986 - root - INFO - Script ended accumulating data from JIRA
2024-11-19 17:42:32,986 - root - INFO - Script ended accumulating data from JIRA
2024-11-19 17:42:32,986 - root - INFO - Script ended accumulating data from JIRA
2024-11-19 17:42:32,987 - root - INFO - =======================================
2024-11-19 17:42:32,987 - root - INFO - =======================================
2024-11-19 17:42:32,987 - root - INFO - =======================================
2024-11-19 17:46:42,727 - root - INFO - =======================================
2024-11-19 17:46:42,727 - root - INFO - =======================================
2024-11-19 17:46:42,727 - root - INFO - =======================================
2024-11-19 17:46:42,728 - root - INFO - Script start accumulating data from JIRA
2024-11-19 17:46:42,728 - root - INFO - Script start accumulating data from JIRA
2024-11-19 17:46:42,728 - root - INFO - Script start accumulating data from JIRA
2024-11-19 17:46:42,767 - root - INFO - Fetch Portfolio Initiative...
2024-11-19 17:46:42,767 - root - INFO - Fetch Portfolio Initiative...
2024-11-19 17:46:42,767 - root - INFO - Fetch Portfolio Initiative...
2024-11-19 17:46:43,475 - root - INFO - Fetch Product Initiative...
2024-11-19 17:46:43,475 - root - INFO - Fetch Product Initiative...
2024-11-19 17:46:43,475 - root - INFO - Fetch Product Initiative...
2024-11-19 17:46:44,370 - root - INFO - Fetch Epic...
2024-11-19 17:46:44,370 - root - INFO - Fetch Epic...
2024-11-19 17:46:44,370 - root - INFO - Fetch Epic...
2024-11-19 17:46:56,430 - root - INFO - Fetch SOLMERCH Stories... 
2024-11-19 17:46:56,430 - root - INFO - Fetch SOLMERCH Stories... 
2024-11-19 17:46:56,430 - root - INFO - Fetch SOLMERCH Stories... 
2024-11-19 17:47:21,769 - root - INFO - Fetch SOLEFIN stories... 
2024-11-19 17:47:21,769 - root - INFO - Fetch SOLEFIN stories... 
2024-11-19 17:47:21,769 - root - INFO - Fetch SOLEFIN stories... 
2024-11-19 17:47:21,798 - root - INFO - Fetch SOLMERCH sub-tasks...
2024-11-19 17:47:21,798 - root - INFO - Fetch SOLMERCH sub-tasks...
2024-11-19 17:47:21,798 - root - INFO - Fetch SOLMERCH sub-tasks...
2024-11-19 17:47:58,559 - root - INFO - Fetch SOLFIN sub-tasks...
2024-11-19 17:47:58,559 - root - INFO - Fetch SOLFIN sub-tasks...
2024-11-19 17:47:58,559 - root - INFO - Fetch SOLFIN sub-tasks...
2024-11-19 17:47:58,607 - root - INFO - Fetch bugs...
2024-11-19 17:47:58,607 - root - INFO - Fetch bugs...
2024-11-19 17:47:58,607 - root - INFO - Fetch bugs...
2024-11-19 17:48:07,389 - root - INFO - Append all datasource...
2024-11-19 17:48:07,389 - root - INFO - Append all datasource...
2024-11-19 17:48:07,389 - root - INFO - Append all datasource...
2024-11-19 17:48:09,465 - root - INFO - Clean dataframe...
2024-11-19 17:48:09,465 - root - INFO - Clean dataframe...
2024-11-19 17:48:09,465 - root - INFO - Clean dataframe...
2024-11-19 17:48:10,643 - root - INFO - Files uploaded
2024-11-19 17:48:10,643 - root - INFO - Files uploaded
2024-11-19 17:48:10,643 - root - INFO - Files uploaded
2024-11-19 17:48:10,644 - root - INFO - Script ended accumulating data from JIRA
2024-11-19 17:48:10,644 - root - INFO - Script ended accumulating data from JIRA
2024-11-19 17:48:10,644 - root - INFO - Script ended accumulating data from JIRA
2024-11-19 17:48:10,644 - root - INFO - =======================================
2024-11-19 17:48:10,644 - root - INFO - =======================================
2024-11-19 17:48:10,644 - root - INFO - =======================================
2024-11-19 17:49:46,215 - root - INFO - =======================================
2024-11-19 17:49:46,215 - root - INFO - =======================================
2024-11-19 17:49:46,215 - root - INFO - =======================================
2024-11-19 17:49:46,217 - root - INFO - Script start accumulating data from JIRA
2024-11-19 17:49:46,217 - root - INFO - Script start accumulating data from JIRA
2024-11-19 17:49:46,217 - root - INFO - Script start accumulating data from JIRA
2024-11-19 17:49:46,252 - root - INFO - Fetch Portfolio Initiative...
2024-11-19 17:49:46,252 - root - INFO - Fetch Portfolio Initiative...
2024-11-19 17:49:46,252 - root - INFO - Fetch Portfolio Initiative...
2024-11-19 17:49:46,870 - root - INFO - Fetch Product Initiative...
2024-11-19 17:49:46,870 - root - INFO - Fetch Product Initiative...
2024-11-19 17:49:46,870 - root - INFO - Fetch Product Initiative...
2024-11-19 17:49:47,708 - root - INFO - Fetch Epic...
2024-11-19 17:49:47,708 - root - INFO - Fetch Epic...
2024-11-19 17:49:47,708 - root - INFO - Fetch Epic...
2024-11-19 17:49:58,757 - root - INFO - Fetch SOLMERCH Stories... 
2024-11-19 17:49:58,757 - root - INFO - Fetch SOLMERCH Stories... 
2024-11-19 17:49:58,757 - root - INFO - Fetch SOLMERCH Stories... 
2024-11-19 17:50:31,338 - root - INFO - Fetch SOLEFIN stories... 
2024-11-19 17:50:31,338 - root - INFO - Fetch SOLEFIN stories... 
2024-11-19 17:50:31,338 - root - INFO - Fetch SOLEFIN stories... 
2024-11-19 17:50:31,360 - root - INFO - Fetch SOLMERCH sub-tasks...
2024-11-19 17:50:31,360 - root - INFO - Fetch SOLMERCH sub-tasks...
2024-11-19 17:50:31,360 - root - INFO - Fetch SOLMERCH sub-tasks...
2024-11-19 17:51:12,174 - root - INFO - Fetch SOLFIN sub-tasks...
2024-11-19 17:51:12,174 - root - INFO - Fetch SOLFIN sub-tasks...
2024-11-19 17:51:12,174 - root - INFO - Fetch SOLFIN sub-tasks...
2024-11-19 17:51:12,215 - root - INFO - Fetch bugs...
2024-11-19 17:51:12,215 - root - INFO - Fetch bugs...
2024-11-19 17:51:12,215 - root - INFO - Fetch bugs...
2024-11-19 17:51:19,932 - root - INFO - Append all datasource...
2024-11-19 17:51:19,932 - root - INFO - Append all datasource...
2024-11-19 17:51:19,932 - root - INFO - Append all datasource...
2024-11-19 17:51:21,930 - root - INFO - Clean dataframe...
2024-11-19 17:51:21,930 - root - INFO - Clean dataframe...
2024-11-19 17:51:21,930 - root - INFO - Clean dataframe...
2024-11-19 17:51:22,668 - root - INFO - Files uploaded
2024-11-19 17:51:22,668 - root - INFO - Files uploaded
2024-11-19 17:51:22,668 - root - INFO - Files uploaded
2024-11-19 17:51:22,669 - root - INFO - Script ended accumulating data from JIRA
2024-11-19 17:51:22,669 - root - INFO - Script ended accumulating data from JIRA
2024-11-19 17:51:22,669 - root - INFO - Script ended accumulating data from JIRA
2024-11-19 17:51:22,670 - root - INFO - =======================================
2024-11-19 17:51:22,670 - root - INFO - =======================================
2024-11-19 17:51:22,670 - root - INFO - =======================================
2024-11-19 17:51:51,067 - root - INFO - Files uploaded
2024-11-19 17:51:51,067 - root - INFO - Files uploaded
2024-11-19 17:51:51,067 - root - INFO - Files uploaded
2024-11-19 17:51:51,069 - root - INFO - Script ended accumulating data from JIRA
2024-11-19 17:51:51,069 - root - INFO - Script ended accumulating data from JIRA
2024-11-19 17:51:51,069 - root - INFO - Script ended accumulating data from JIRA
2024-11-19 17:51:51,070 - root - INFO - =======================================
2024-11-19 17:51:51,070 - root - INFO - =======================================
2024-11-19 17:51:51,070 - root - INFO - =======================================
2024-11-19 17:52:36,560 - root - INFO - Upload file to sharepoint...
2024-11-19 17:52:36,560 - root - INFO - Upload file to sharepoint...
2024-11-19 17:52:36,560 - root - INFO - Upload file to sharepoint...
2024-11-19 17:52:36,859 - root - INFO - Files uploaded
2024-11-19 17:52:36,859 - root - INFO - Files uploaded
2024-11-19 17:52:36,859 - root - INFO - Files uploaded
2024-11-19 17:52:36,860 - root - INFO - Script ended accumulating data from JIRA
2024-11-19 17:52:36,860 - root - INFO - Script ended accumulating data from JIRA
2024-11-19 17:52:36,860 - root - INFO - Script ended accumulating data from JIRA
2024-11-19 17:52:36,864 - root - INFO - =======================================
2024-11-19 17:52:36,864 - root - INFO - =======================================
2024-11-19 17:52:36,864 - root - INFO - =======================================
2024-11-19 17:53:34,978 - root - INFO - =======================================
2024-11-19 17:53:34,978 - root - INFO - =======================================
2024-11-19 17:53:34,978 - root - INFO - =======================================
2024-11-19 17:53:34,981 - root - INFO - Script start accumulating data from JIRA
2024-11-19 17:53:34,981 - root - INFO - Script start accumulating data from JIRA
2024-11-19 17:53:34,981 - root - INFO - Script start accumulating data from JIRA
2024-11-19 17:53:35,872 - root - INFO - =======================================
2024-11-19 17:53:35,872 - root - INFO - =======================================
2024-11-19 17:53:35,872 - root - INFO - =======================================
2024-11-19 17:53:35,874 - root - INFO - Script start accumulating data from JIRA
2024-11-19 17:53:35,874 - root - INFO - Script start accumulating data from JIRA
2024-11-19 17:53:35,874 - root - INFO - Script start accumulating data from JIRA
2024-11-19 17:53:54,267 - root - INFO - =======================================
2024-11-19 17:53:54,267 - root - INFO - =======================================
2024-11-19 17:53:54,267 - root - INFO - =======================================
2024-11-19 17:53:54,269 - root - INFO - Script start accumulating data from JIRA
2024-11-19 17:53:54,269 - root - INFO - Script start accumulating data from JIRA
2024-11-19 17:53:54,269 - root - INFO - Script start accumulating data from JIRA
2024-11-19 17:53:55,175 - root - INFO - =======================================
2024-11-19 17:53:55,175 - root - INFO - =======================================
2024-11-19 17:53:55,175 - root - INFO - =======================================
2024-11-19 17:53:55,177 - root - INFO - Script start accumulating data from JIRA
2024-11-19 17:53:55,177 - root - INFO - Script start accumulating data from JIRA
2024-11-19 17:53:55,177 - root - INFO - Script start accumulating data from JIRA
2024-11-19 17:54:40,838 - root - INFO - =======================================
2024-11-19 17:54:40,838 - root - INFO - =======================================
2024-11-19 17:54:40,838 - root - INFO - =======================================
2024-11-19 17:54:40,840 - root - INFO - Script start accumulating data from JIRA
2024-11-19 17:54:40,840 - root - INFO - Script start accumulating data from JIRA
2024-11-19 17:54:40,840 - root - INFO - Script start accumulating data from JIRA
2024-11-19 17:54:41,762 - root - INFO - =======================================
2024-11-19 17:54:41,762 - root - INFO - =======================================
2024-11-19 17:54:41,762 - root - INFO - =======================================
2024-11-19 17:54:41,764 - root - INFO - Script start accumulating data from JIRA
2024-11-19 17:54:41,764 - root - INFO - Script start accumulating data from JIRA
2024-11-19 17:54:41,764 - root - INFO - Script start accumulating data from JIRA
2024-11-19 17:54:58,752 - root - INFO - =======================================
2024-11-19 17:54:58,752 - root - INFO - =======================================
2024-11-19 17:54:58,752 - root - INFO - =======================================
2024-11-19 17:54:58,753 - root - INFO - Script start accumulating data from JIRA
2024-11-19 17:54:58,753 - root - INFO - Script start accumulating data from JIRA
2024-11-19 17:54:58,753 - root - INFO - Script start accumulating data from JIRA
2024-11-19 17:54:58,793 - root - INFO - Fetch Portfolio Initiative...
2024-11-19 17:54:58,793 - root - INFO - Fetch Portfolio Initiative...
2024-11-19 17:54:58,793 - root - INFO - Fetch Portfolio Initiative...
2024-11-19 17:54:59,436 - root - INFO - Fetch Product Initiative...
2024-11-19 17:54:59,436 - root - INFO - Fetch Product Initiative...
2024-11-19 17:54:59,436 - root - INFO - Fetch Product Initiative...
2024-11-19 17:55:00,389 - root - INFO - Fetch Epic...
2024-11-19 17:55:00,389 - root - INFO - Fetch Epic...
2024-11-19 17:55:00,389 - root - INFO - Fetch Epic...
2024-11-19 17:55:12,972 - root - INFO - Fetch SOLMERCH Stories... 
2024-11-19 17:55:12,972 - root - INFO - Fetch SOLMERCH Stories... 
2024-11-19 17:55:12,972 - root - INFO - Fetch SOLMERCH Stories... 
2024-11-19 17:55:44,607 - root - INFO - Fetch SOLEFIN stories... 
2024-11-19 17:55:44,607 - root - INFO - Fetch SOLEFIN stories... 
2024-11-19 17:55:44,607 - root - INFO - Fetch SOLEFIN stories... 
2024-11-19 17:55:44,632 - root - INFO - Fetch SOLMERCH sub-tasks...
2024-11-19 17:55:44,632 - root - INFO - Fetch SOLMERCH sub-tasks...
2024-11-19 17:55:44,632 - root - INFO - Fetch SOLMERCH sub-tasks...
2024-11-19 17:56:21,255 - root - INFO - Fetch SOLFIN sub-tasks...
2024-11-19 17:56:21,255 - root - INFO - Fetch SOLFIN sub-tasks...
2024-11-19 17:56:21,255 - root - INFO - Fetch SOLFIN sub-tasks...
2024-11-19 17:56:21,303 - root - INFO - Fetch bugs...
2024-11-19 17:56:21,303 - root - INFO - Fetch bugs...
2024-11-19 17:56:21,303 - root - INFO - Fetch bugs...
2024-11-19 17:56:29,191 - root - INFO - Append all datasource...
2024-11-19 17:56:29,191 - root - INFO - Append all datasource...
2024-11-19 17:56:29,191 - root - INFO - Append all datasource...
2024-11-19 17:56:31,201 - root - INFO - Clean dataframe...
2024-11-19 17:56:31,201 - root - INFO - Clean dataframe...
2024-11-19 17:56:31,201 - root - INFO - Clean dataframe...
2024-11-19 17:56:31,555 - root - INFO - Upload file to sharepoint...
2024-11-19 17:56:31,555 - root - INFO - Upload file to sharepoint...
2024-11-19 17:56:31,555 - root - INFO - Upload file to sharepoint...
2024-11-19 17:56:31,850 - root - INFO - Files uploaded
2024-11-19 17:56:31,850 - root - INFO - Files uploaded
2024-11-19 17:56:31,850 - root - INFO - Files uploaded
2024-11-19 17:56:31,851 - root - INFO - Script ended accumulating data from JIRA
2024-11-19 17:56:31,851 - root - INFO - Script ended accumulating data from JIRA
2024-11-19 17:56:31,851 - root - INFO - Script ended accumulating data from JIRA
2024-11-19 17:56:31,852 - root - INFO - =======================================
2024-11-19 17:56:31,852 - root - INFO - =======================================
2024-11-19 17:56:31,852 - root - INFO - =======================================
2024-11-20 12:51:48,923 - root - INFO - =======================================
2024-11-20 12:51:48,923 - root - INFO - =======================================
2024-11-20 12:51:48,923 - root - INFO - =======================================
2024-11-20 12:51:48,925 - root - INFO - Script start accumulating data from JIRA
2024-11-20 12:51:48,925 - root - INFO - Script start accumulating data from JIRA
2024-11-20 12:51:48,925 - root - INFO - Script start accumulating data from JIRA
2024-11-20 12:51:48,967 - root - INFO - Fetch Portfolio Initiative...
2024-11-20 12:51:48,967 - root - INFO - Fetch Portfolio Initiative...
2024-11-20 12:51:48,967 - root - INFO - Fetch Portfolio Initiative...
2024-11-20 12:51:49,759 - root - INFO - Fetch Product Initiative...
2024-11-20 12:51:49,759 - root - INFO - Fetch Product Initiative...
2024-11-20 12:51:49,759 - root - INFO - Fetch Product Initiative...
2024-11-20 12:51:51,809 - root - INFO - Fetch Epic...
2024-11-20 12:51:51,809 - root - INFO - Fetch Epic...
2024-11-20 12:51:51,809 - root - INFO - Fetch Epic...
2024-11-20 12:52:03,024 - root - INFO - Fetch SOLMERCH Stories... 
2024-11-20 12:52:03,024 - root - INFO - Fetch SOLMERCH Stories... 
2024-11-20 12:52:03,024 - root - INFO - Fetch SOLMERCH Stories... 
2024-11-20 12:52:31,094 - root - INFO - Fetch SOLEFIN stories... 
2024-11-20 12:52:31,094 - root - INFO - Fetch SOLEFIN stories... 
2024-11-20 12:52:31,094 - root - INFO - Fetch SOLEFIN stories... 
2024-11-20 12:54:30,944 - root - ERROR - SOLEFIN story was added to the data set
2024-11-20 12:54:30,944 - root - ERROR - SOLEFIN story was added to the data set
2024-11-20 12:54:30,944 - root - ERROR - SOLEFIN story was added to the data set
2024-11-20 12:54:30,987 - root - INFO - Fetch SOLMERCH sub-tasks...
2024-11-20 12:54:30,987 - root - INFO - Fetch SOLMERCH sub-tasks...
2024-11-20 12:54:30,987 - root - INFO - Fetch SOLMERCH sub-tasks...
2024-11-20 12:56:04,924 - root - INFO - Fetch SOLFIN sub-tasks...
2024-11-20 12:56:04,924 - root - INFO - Fetch SOLFIN sub-tasks...
2024-11-20 12:56:04,924 - root - INFO - Fetch SOLFIN sub-tasks...
2024-11-20 12:58:34,644 - root - INFO - Fetch bugs...
2024-11-20 12:58:34,644 - root - INFO - Fetch bugs...
2024-11-20 12:58:34,644 - root - INFO - Fetch bugs...
2024-11-20 12:58:43,141 - root - INFO - Append all datasource...
2024-11-20 12:58:43,141 - root - INFO - Append all datasource...
2024-11-20 12:58:43,141 - root - INFO - Append all datasource...
2024-11-20 12:58:45,127 - root - INFO - Clean dataframe...
2024-11-20 12:58:45,127 - root - INFO - Clean dataframe...
2024-11-20 12:58:45,127 - root - INFO - Clean dataframe...
2024-11-20 12:58:45,486 - root - INFO - Upload file to sharepoint...
2024-11-20 12:58:45,486 - root - INFO - Upload file to sharepoint...
2024-11-20 12:58:45,486 - root - INFO - Upload file to sharepoint...
2024-11-20 12:58:45,808 - root - INFO - Files uploaded
2024-11-20 12:58:45,808 - root - INFO - Files uploaded
2024-11-20 12:58:45,808 - root - INFO - Files uploaded
2024-11-20 12:58:45,809 - root - INFO - Script ended accumulating data from JIRA
2024-11-20 12:58:45,809 - root - INFO - Script ended accumulating data from JIRA
2024-11-20 12:58:45,809 - root - INFO - Script ended accumulating data from JIRA
2024-11-20 12:58:45,810 - root - INFO - =======================================
2024-11-20 12:58:45,810 - root - INFO - =======================================
2024-11-20 12:58:45,810 - root - INFO - =======================================
2024-11-22 12:18:13,894 - root - INFO - =======================================
2024-11-22 12:18:13,894 - root - INFO - =======================================
2024-11-22 12:18:13,894 - root - INFO - =======================================
2024-11-22 12:18:13,898 - root - INFO - Script start accumulating data from JIRA
2024-11-22 12:18:13,898 - root - INFO - Script start accumulating data from JIRA
2024-11-22 12:18:13,898 - root - INFO - Script start accumulating data from JIRA
2024-11-22 12:18:16,771 - root - INFO - Fetch Portfolio Initiative...
2024-11-22 12:18:16,771 - root - INFO - Fetch Portfolio Initiative...
2024-11-22 12:18:16,771 - root - INFO - Fetch Portfolio Initiative...
2024-11-22 12:18:26,688 - root - INFO - Fetch Epic...
2024-11-22 12:18:26,688 - root - INFO - Fetch Epic...
2024-11-22 12:18:26,688 - root - INFO - Fetch Epic...
2024-11-22 12:23:03,733 - root - INFO - =======================================
2024-11-22 12:23:03,733 - root - INFO - =======================================
2024-11-22 12:23:03,733 - root - INFO - =======================================
2024-11-22 12:23:03,737 - root - INFO - Script start accumulating data from JIRA
2024-11-22 12:23:03,737 - root - INFO - Script start accumulating data from JIRA
2024-11-22 12:23:03,737 - root - INFO - Script start accumulating data from JIRA
2024-11-22 12:23:03,793 - root - INFO - Fetch Portfolio Initiative...
2024-11-22 12:23:03,793 - root - INFO - Fetch Portfolio Initiative...
2024-11-22 12:23:03,793 - root - INFO - Fetch Portfolio Initiative...
2024-11-22 12:23:04,498 - root - INFO - Fetch Product Initiative...
2024-11-22 12:23:04,498 - root - INFO - Fetch Product Initiative...
2024-11-22 12:23:04,498 - root - INFO - Fetch Product Initiative...
2024-11-22 12:23:05,293 - root - INFO - Fetch Epic...
2024-11-22 12:23:05,293 - root - INFO - Fetch Epic...
2024-11-22 12:23:05,293 - root - INFO - Fetch Epic...
2024-11-22 12:23:17,334 - root - INFO - Fetch SOLMERCH Stories... 
2024-11-22 12:23:17,334 - root - INFO - Fetch SOLMERCH Stories... 
2024-11-22 12:23:17,334 - root - INFO - Fetch SOLMERCH Stories... 
2024-11-22 12:23:44,992 - root - INFO - Fetch SOLEFIN stories... 
2024-11-22 12:23:44,992 - root - INFO - Fetch SOLEFIN stories... 
2024-11-22 12:23:44,992 - root - INFO - Fetch SOLEFIN stories... 
2024-11-22 12:58:47,974 - root - INFO - =======================================
2024-11-22 12:58:47,974 - root - INFO - =======================================
2024-11-22 12:58:47,974 - root - INFO - =======================================
2024-11-22 12:58:47,979 - root - INFO - Script start accumulating data from JIRA
2024-11-22 12:58:47,979 - root - INFO - Script start accumulating data from JIRA
2024-11-22 12:58:47,979 - root - INFO - Script start accumulating data from JIRA
2024-11-22 12:58:48,034 - root - INFO - Fetch Portfolio Initiative...
2024-11-22 12:58:48,034 - root - INFO - Fetch Portfolio Initiative...
2024-11-22 12:58:48,034 - root - INFO - Fetch Portfolio Initiative...
2024-11-22 12:58:48,728 - root - INFO - Fetch Product Initiative...
2024-11-22 12:58:48,728 - root - INFO - Fetch Product Initiative...
2024-11-22 12:58:48,728 - root - INFO - Fetch Product Initiative...
2024-11-22 12:58:49,770 - root - INFO - Fetch Epic...
2024-11-22 12:58:49,770 - root - INFO - Fetch Epic...
2024-11-22 12:58:49,770 - root - INFO - Fetch Epic...
2024-11-22 12:59:03,746 - root - INFO - Fetch SOLMERCH Stories... 
2024-11-22 12:59:03,746 - root - INFO - Fetch SOLMERCH Stories... 
2024-11-22 12:59:03,746 - root - INFO - Fetch SOLMERCH Stories... 
2024-11-22 12:59:30,332 - root - INFO - Fetch SOLEFIN stories... 
2024-11-22 12:59:30,332 - root - INFO - Fetch SOLEFIN stories... 
2024-11-22 12:59:30,332 - root - INFO - Fetch SOLEFIN stories... 
2024-11-22 13:00:42,119 - root - INFO - Fetch SOLMERCH sub-tasks...
2024-11-22 13:00:42,119 - root - INFO - Fetch SOLMERCH sub-tasks...
2024-11-22 13:00:42,119 - root - INFO - Fetch SOLMERCH sub-tasks...
2024-11-22 13:01:21,608 - root - INFO - Fetch SOLFIN sub-tasks...
2024-11-22 13:01:21,608 - root - INFO - Fetch SOLFIN sub-tasks...
2024-11-22 13:01:21,608 - root - INFO - Fetch SOLFIN sub-tasks...
2024-11-22 13:03:47,383 - root - INFO - Fetch bugs...
2024-11-22 13:03:47,383 - root - INFO - Fetch bugs...
2024-11-22 13:03:47,383 - root - INFO - Fetch bugs...
2024-11-22 13:03:55,521 - root - INFO - Append all datasource...
2024-11-22 13:03:55,521 - root - INFO - Append all datasource...
2024-11-22 13:03:55,521 - root - INFO - Append all datasource...
2024-11-22 13:03:58,190 - root - INFO - Clean dataframe...
2024-11-22 13:03:58,190 - root - INFO - Clean dataframe...
2024-11-22 13:03:58,190 - root - INFO - Clean dataframe...
2024-11-22 13:03:58,805 - root - INFO - Upload file to sharepoint...
2024-11-22 13:03:58,805 - root - INFO - Upload file to sharepoint...
2024-11-22 13:03:58,805 - root - INFO - Upload file to sharepoint...
2024-11-22 13:03:59,217 - root - INFO - Files uploaded
2024-11-22 13:03:59,217 - root - INFO - Files uploaded
2024-11-22 13:03:59,217 - root - INFO - Files uploaded
2024-11-22 13:03:59,219 - root - INFO - Script ended accumulating data from JIRA
2024-11-22 13:03:59,219 - root - INFO - Script ended accumulating data from JIRA
2024-11-22 13:03:59,219 - root - INFO - Script ended accumulating data from JIRA
2024-11-22 13:03:59,221 - root - INFO - =======================================
2024-11-22 13:03:59,221 - root - INFO - =======================================
2024-11-22 13:03:59,221 - root - INFO - =======================================
2024-11-22 13:17:54,476 - root - INFO - =======================================
2024-11-22 13:17:54,476 - root - INFO - =======================================
2024-11-22 13:17:54,476 - root - INFO - =======================================
2024-11-22 13:17:54,480 - root - INFO - Script start accumulating data from JIRA
2024-11-22 13:17:54,480 - root - INFO - Script start accumulating data from JIRA
2024-11-22 13:17:54,480 - root - INFO - Script start accumulating data from JIRA
2024-11-22 13:17:54,541 - root - INFO - Fetch Portfolio Initiative...
2024-11-22 13:17:54,541 - root - INFO - Fetch Portfolio Initiative...
2024-11-22 13:17:54,541 - root - INFO - Fetch Portfolio Initiative...
2024-11-22 13:17:55,852 - root - INFO - Fetch Product Initiative...
2024-11-22 13:17:55,852 - root - INFO - Fetch Product Initiative...
2024-11-22 13:17:55,852 - root - INFO - Fetch Product Initiative...
2024-11-22 13:17:56,845 - root - INFO - Fetch Epic...
2024-11-22 13:17:56,845 - root - INFO - Fetch Epic...
2024-11-22 13:17:56,845 - root - INFO - Fetch Epic...
2024-11-22 13:18:10,069 - root - INFO - Fetch SOLMERCH Stories... 
2024-11-22 13:18:10,069 - root - INFO - Fetch SOLMERCH Stories... 
2024-11-22 13:18:10,069 - root - INFO - Fetch SOLMERCH Stories... 
2024-11-22 13:18:43,430 - root - INFO - Fetch SOLEFIN stories... 
2024-11-22 13:18:43,430 - root - INFO - Fetch SOLEFIN stories... 
2024-11-22 13:18:43,430 - root - INFO - Fetch SOLEFIN stories... 
2024-11-22 13:19:53,284 - root - INFO - Fetch SOLMERCH sub-tasks...
2024-11-22 13:19:53,284 - root - INFO - Fetch SOLMERCH sub-tasks...
2024-11-22 13:19:53,284 - root - INFO - Fetch SOLMERCH sub-tasks...
2024-11-22 13:20:31,678 - root - INFO - Fetch SOLFIN sub-tasks...
2024-11-22 13:20:31,678 - root - INFO - Fetch SOLFIN sub-tasks...
2024-11-22 13:20:31,678 - root - INFO - Fetch SOLFIN sub-tasks...
2024-11-22 13:22:34,512 - root - INFO - Fetch bugs...
2024-11-22 13:22:34,512 - root - INFO - Fetch bugs...
2024-11-22 13:22:34,512 - root - INFO - Fetch bugs...
2024-11-22 13:22:43,024 - root - INFO - Append all datasource...
2024-11-22 13:22:43,024 - root - INFO - Append all datasource...
2024-11-22 13:22:43,024 - root - INFO - Append all datasource...
2024-11-22 13:22:45,693 - root - INFO - Clean dataframe...
2024-11-22 13:22:45,693 - root - INFO - Clean dataframe...
2024-11-22 13:22:45,693 - root - INFO - Clean dataframe...
2024-11-22 13:22:46,413 - root - INFO - Upload file to sharepoint...
2024-11-22 13:22:46,413 - root - INFO - Upload file to sharepoint...
2024-11-22 13:22:46,413 - root - INFO - Upload file to sharepoint...
2024-11-22 13:22:46,816 - root - INFO - Files uploaded
2024-11-22 13:22:46,816 - root - INFO - Files uploaded
2024-11-22 13:22:46,816 - root - INFO - Files uploaded
2024-11-22 13:22:46,819 - root - INFO - Script ended accumulating data from JIRA
2024-11-22 13:22:46,819 - root - INFO - Script ended accumulating data from JIRA
2024-11-22 13:22:46,819 - root - INFO - Script ended accumulating data from JIRA
2024-11-22 13:22:46,822 - root - INFO - =======================================
2024-11-22 13:22:46,822 - root - INFO - =======================================
2024-11-22 13:22:46,822 - root - INFO - =======================================
2024-11-22 13:26:49,690 - root - INFO - =======================================
2024-11-22 13:26:49,690 - root - INFO - =======================================
2024-11-22 13:26:49,690 - root - INFO - =======================================
2024-11-22 13:26:49,695 - root - INFO - Script start accumulating data from JIRA
2024-11-22 13:26:49,695 - root - INFO - Script start accumulating data from JIRA
2024-11-22 13:26:49,695 - root - INFO - Script start accumulating data from JIRA
2024-11-22 13:26:49,748 - root - INFO - Fetch Portfolio Initiative...
2024-11-22 13:26:49,748 - root - INFO - Fetch Portfolio Initiative...
2024-11-22 13:26:49,748 - root - INFO - Fetch Portfolio Initiative...
2024-11-22 13:26:50,622 - root - INFO - Fetch Product Initiative...
2024-11-22 13:26:50,622 - root - INFO - Fetch Product Initiative...
2024-11-22 13:26:50,622 - root - INFO - Fetch Product Initiative...
2024-11-22 13:26:53,164 - root - INFO - Fetch Epic...
2024-11-22 13:26:53,164 - root - INFO - Fetch Epic...
2024-11-22 13:26:53,164 - root - INFO - Fetch Epic...
2024-11-22 13:27:05,050 - root - INFO - Fetch SOLMERCH Stories... 
2024-11-22 13:27:05,050 - root - INFO - Fetch SOLMERCH Stories... 
2024-11-22 13:27:05,050 - root - INFO - Fetch SOLMERCH Stories... 
2024-11-22 13:27:35,179 - root - INFO - Fetch SOLEFIN stories... 
2024-11-22 13:27:35,179 - root - INFO - Fetch SOLEFIN stories... 
2024-11-22 13:27:35,179 - root - INFO - Fetch SOLEFIN stories... 
2024-11-22 13:28:43,491 - root - INFO - Fetch SOLMERCH sub-tasks...
2024-11-22 13:28:43,491 - root - INFO - Fetch SOLMERCH sub-tasks...
2024-11-22 13:28:43,491 - root - INFO - Fetch SOLMERCH sub-tasks...
2024-11-22 13:29:21,168 - root - INFO - Fetch SOLFIN sub-tasks...
2024-11-22 13:29:21,168 - root - INFO - Fetch SOLFIN sub-tasks...
2024-11-22 13:29:21,168 - root - INFO - Fetch SOLFIN sub-tasks...
2024-11-22 13:31:34,522 - root - INFO - Fetch bugs...
2024-11-22 13:31:34,522 - root - INFO - Fetch bugs...
2024-11-22 13:31:34,522 - root - INFO - Fetch bugs...
2024-11-22 13:31:42,995 - root - INFO - Append all datasource...
2024-11-22 13:31:42,995 - root - INFO - Append all datasource...
2024-11-22 13:31:42,995 - root - INFO - Append all datasource...
2024-11-22 13:31:45,702 - root - INFO - Clean dataframe...
2024-11-22 13:31:45,702 - root - INFO - Clean dataframe...
2024-11-22 13:31:45,702 - root - INFO - Clean dataframe...
2024-11-22 13:31:46,229 - root - INFO - Upload file to sharepoint...
2024-11-22 13:31:46,229 - root - INFO - Upload file to sharepoint...
2024-11-22 13:31:46,229 - root - INFO - Upload file to sharepoint...
2024-11-22 13:31:46,606 - root - INFO - Files uploaded
2024-11-22 13:31:46,606 - root - INFO - Files uploaded
2024-11-22 13:31:46,606 - root - INFO - Files uploaded
2024-11-22 13:31:46,609 - root - INFO - Script ended accumulating data from JIRA
2024-11-22 13:31:46,609 - root - INFO - Script ended accumulating data from JIRA
2024-11-22 13:31:46,609 - root - INFO - Script ended accumulating data from JIRA
2024-11-22 13:31:46,612 - root - INFO - =======================================
2024-11-22 13:31:46,612 - root - INFO - =======================================
2024-11-22 13:31:46,612 - root - INFO - =======================================
2024-11-22 14:01:01,597 - root - INFO - =======================================
2024-11-22 14:01:01,597 - root - INFO - =======================================
2024-11-22 14:01:01,597 - root - INFO - =======================================
2024-11-22 14:01:01,603 - root - INFO - Script start accumulating data from JIRA
2024-11-22 14:01:01,603 - root - INFO - Script start accumulating data from JIRA
2024-11-22 14:01:01,603 - root - INFO - Script start accumulating data from JIRA
2024-11-22 14:01:04,046 - root - INFO - Fetch Portfolio Initiative...
2024-11-22 14:01:04,046 - root - INFO - Fetch Portfolio Initiative...
2024-11-22 14:01:04,046 - root - INFO - Fetch Portfolio Initiative...
2024-11-22 14:01:11,810 - root - INFO - Fetch Product Initiative...
2024-11-22 14:01:11,810 - root - INFO - Fetch Product Initiative...
2024-11-22 14:01:11,810 - root - INFO - Fetch Product Initiative...
2024-11-22 14:01:17,326 - root - INFO - Fetch Epic...
2024-11-22 14:01:17,326 - root - INFO - Fetch Epic...
2024-11-22 14:01:17,326 - root - INFO - Fetch Epic...
2024-11-22 14:01:44,825 - root - INFO - Fetch SOLMERCH Stories... 
2024-11-22 14:01:44,825 - root - INFO - Fetch SOLMERCH Stories... 
2024-11-22 14:01:44,825 - root - INFO - Fetch SOLMERCH Stories... 
2024-11-22 14:02:38,129 - root - INFO - Fetch SOLEFIN stories... 
2024-11-22 14:02:38,129 - root - INFO - Fetch SOLEFIN stories... 
2024-11-22 14:02:38,129 - root - INFO - Fetch SOLEFIN stories... 
2024-11-22 14:05:41,924 - root - ERROR - SOLEFIN story was added to the data set
2024-11-22 14:05:41,924 - root - ERROR - SOLEFIN story was added to the data set
2024-11-22 14:05:41,924 - root - ERROR - SOLEFIN story was added to the data set
2024-11-22 14:05:58,491 - root - INFO - Fetch SOLMERCH sub-tasks...
2024-11-22 14:05:58,491 - root - INFO - Fetch SOLMERCH sub-tasks...
2024-11-22 14:05:58,491 - root - INFO - Fetch SOLMERCH sub-tasks...
2024-11-22 14:06:42,756 - root - INFO - Fetch SOLFIN sub-tasks...
2024-11-22 14:06:42,756 - root - INFO - Fetch SOLFIN sub-tasks...
2024-11-22 14:06:42,756 - root - INFO - Fetch SOLFIN sub-tasks...
2024-11-22 14:11:13,958 - root - INFO - Fetch bugs...
2024-11-22 14:11:13,958 - root - INFO - Fetch bugs...
2024-11-22 14:11:13,958 - root - INFO - Fetch bugs...
2024-11-22 14:13:10,085 - root - INFO - Append all datasource...
2024-11-22 14:13:10,085 - root - INFO - Append all datasource...
2024-11-22 14:13:10,085 - root - INFO - Append all datasource...
2024-11-22 14:13:19,112 - root - INFO - Clean dataframe...
2024-11-22 14:13:19,112 - root - INFO - Clean dataframe...
2024-11-22 14:13:19,112 - root - INFO - Clean dataframe...
2024-11-22 14:15:18,022 - root - INFO - Upload file to sharepoint...
2024-11-22 14:15:18,022 - root - INFO - Upload file to sharepoint...
2024-11-22 14:15:18,022 - root - INFO - Upload file to sharepoint...
2024-11-22 14:15:18,476 - root - INFO - Files uploaded
2024-11-22 14:15:18,476 - root - INFO - Files uploaded
2024-11-22 14:15:18,476 - root - INFO - Files uploaded
2024-11-22 14:15:18,482 - root - INFO - Script ended accumulating data from JIRA
2024-11-22 14:15:18,482 - root - INFO - Script ended accumulating data from JIRA
2024-11-22 14:15:18,482 - root - INFO - Script ended accumulating data from JIRA
2024-11-22 14:15:18,486 - root - INFO - =======================================
2024-11-22 14:15:18,486 - root - INFO - =======================================
2024-11-22 14:15:18,486 - root - INFO - =======================================
2024-11-25 13:23:36,733 - root - INFO - =======================================
2024-11-25 13:23:36,733 - root - INFO - =======================================
2024-11-25 13:23:36,733 - root - INFO - =======================================
2024-11-25 13:23:36,739 - root - INFO - Script start accumulating data from JIRA
2024-11-25 13:23:36,739 - root - INFO - Script start accumulating data from JIRA
2024-11-25 13:23:36,739 - root - INFO - Script start accumulating data from JIRA
2024-11-25 13:23:36,845 - root - INFO - Fetch Portfolio Initiative...
2024-11-25 13:23:36,845 - root - INFO - Fetch Portfolio Initiative...
2024-11-25 13:23:36,845 - root - INFO - Fetch Portfolio Initiative...
2024-11-25 13:23:38,384 - root - INFO - Fetch Product Initiative...
2024-11-25 13:23:38,384 - root - INFO - Fetch Product Initiative...
2024-11-25 13:23:38,384 - root - INFO - Fetch Product Initiative...
2024-11-25 13:23:41,847 - root - INFO - Fetch Epic...
2024-11-25 13:23:41,847 - root - INFO - Fetch Epic...
2024-11-25 13:23:41,847 - root - INFO - Fetch Epic...
2024-11-25 13:23:54,869 - root - INFO - Fetch SOLMERCH Stories... 
2024-11-25 13:23:54,869 - root - INFO - Fetch SOLMERCH Stories... 
2024-11-25 13:23:54,869 - root - INFO - Fetch SOLMERCH Stories... 
2024-11-25 13:24:49,008 - root - INFO - Fetch SOLEFIN stories... 
2024-11-25 13:24:49,008 - root - INFO - Fetch SOLEFIN stories... 
2024-11-25 13:24:49,008 - root - INFO - Fetch SOLEFIN stories... 
2024-11-25 13:28:01,241 - root - ERROR - SOLEFIN story was added to the data set
2024-11-25 13:28:01,241 - root - ERROR - SOLEFIN story was added to the data set
2024-11-25 13:28:01,241 - root - ERROR - SOLEFIN story was added to the data set
2024-11-25 13:28:01,318 - root - INFO - Fetch SOLMERCH sub-tasks...
2024-11-25 13:28:01,318 - root - INFO - Fetch SOLMERCH sub-tasks...
2024-11-25 13:28:01,318 - root - INFO - Fetch SOLMERCH sub-tasks...
2024-11-25 13:30:51,627 - root - INFO - =======================================
2024-11-25 13:30:51,627 - root - INFO - =======================================
2024-11-25 13:30:51,627 - root - INFO - =======================================
2024-11-25 13:30:51,632 - root - INFO - Script start accumulating data from JIRA
2024-11-25 13:30:51,632 - root - INFO - Script start accumulating data from JIRA
2024-11-25 13:30:51,632 - root - INFO - Script start accumulating data from JIRA
2024-11-25 13:30:51,716 - root - INFO - Fetch Portfolio Initiative...
2024-11-25 13:30:51,716 - root - INFO - Fetch Portfolio Initiative...
2024-11-25 13:30:51,716 - root - INFO - Fetch Portfolio Initiative...
2024-11-25 13:30:52,496 - root - INFO - Fetch Product Initiative...
2024-11-25 13:30:52,496 - root - INFO - Fetch Product Initiative...
2024-11-25 13:30:52,496 - root - INFO - Fetch Product Initiative...
2024-11-25 13:30:55,094 - root - INFO - Fetch Epic...
2024-11-25 13:30:55,094 - root - INFO - Fetch Epic...
2024-11-25 13:30:55,094 - root - INFO - Fetch Epic...
2024-11-25 13:31:26,922 - root - INFO - Fetch SOLMERCH Stories... 
2024-11-25 13:31:26,922 - root - INFO - Fetch SOLMERCH Stories... 
2024-11-25 13:31:26,922 - root - INFO - Fetch SOLMERCH Stories... 
2024-11-25 13:33:02,558 - root - INFO - Fetch SOLEFIN stories... 
2024-11-25 13:33:02,558 - root - INFO - Fetch SOLEFIN stories... 
2024-11-25 13:33:02,558 - root - INFO - Fetch SOLEFIN stories... 
2024-11-25 13:36:09,306 - root - ERROR - SOLEFIN story was added to the data set
2024-11-25 13:36:09,306 - root - ERROR - SOLEFIN story was added to the data set
2024-11-25 13:36:09,306 - root - ERROR - SOLEFIN story was added to the data set
2024-11-25 13:36:09,408 - root - INFO - Fetch SOLMERCH sub-tasks...
2024-11-25 13:36:09,408 - root - INFO - Fetch SOLMERCH sub-tasks...
2024-11-25 13:36:09,408 - root - INFO - Fetch SOLMERCH sub-tasks...
2024-11-25 13:37:07,562 - root - INFO - Fetch SOLFIN sub-tasks...
2024-11-25 13:37:07,562 - root - INFO - Fetch SOLFIN sub-tasks...
2024-11-25 13:37:07,562 - root - INFO - Fetch SOLFIN sub-tasks...
2024-11-25 13:41:19,569 - root - INFO - Fetch bugs...
2024-11-25 13:41:19,569 - root - INFO - Fetch bugs...
2024-11-25 13:41:19,569 - root - INFO - Fetch bugs...
2024-11-25 13:41:29,352 - root - INFO - Append all datasource...
2024-11-25 13:41:29,352 - root - INFO - Append all datasource...
2024-11-25 13:41:29,352 - root - INFO - Append all datasource...
2024-11-25 13:41:31,579 - root - INFO - Clean dataframe...
2024-11-25 13:41:31,579 - root - INFO - Clean dataframe...
2024-11-25 13:41:31,579 - root - INFO - Clean dataframe...
2024-11-25 13:41:32,127 - root - INFO - Upload file to sharepoint...
2024-11-25 13:41:32,127 - root - INFO - Upload file to sharepoint...
2024-11-25 13:41:32,127 - root - INFO - Upload file to sharepoint...
2024-11-25 13:41:32,437 - root - INFO - Files uploaded
2024-11-25 13:41:32,437 - root - INFO - Files uploaded
2024-11-25 13:41:32,437 - root - INFO - Files uploaded
2024-11-25 13:41:32,440 - root - INFO - Script ended accumulating data from JIRA
2024-11-25 13:41:32,440 - root - INFO - Script ended accumulating data from JIRA
2024-11-25 13:41:32,440 - root - INFO - Script ended accumulating data from JIRA
2024-11-25 13:41:32,445 - root - INFO - =======================================
2024-11-25 13:41:32,445 - root - INFO - =======================================
2024-11-25 13:41:32,445 - root - INFO - =======================================
